#
# There is insufficient memory for the Java Runtime Environment to continue.
# Native memory allocation (malloc) failed to allocate 1244336 bytes for Chunk::new
# Possible reasons:
#   The system is out of physical RAM or swap space
#   In 32 bit mode, the process size limit was hit
# Possible solutions:
#   Reduce memory load on the system
#   Increase physical memory or swap space
#   Check if swap backing store is full
#   Use 64 bit Java on a 64 bit OS
#   Decrease Java heap size (-Xmx/-Xms)
#   Decrease number of Java threads
#   Decrease Java thread stack sizes (-Xss)
#   Set larger code cache with -XX:ReservedCodeCacheSize=
# This output file may be truncated or incomplete.
#
#  Out of Memory Error (allocation.cpp:390), pid=7304, tid=0x00000000000026cc
#
# JRE version: OpenJDK Runtime Environment (8.0_152-b01) (build 1.8.0_152-release-915-b01)
# Java VM: OpenJDK 64-Bit Server VM (25.152-b01 mixed mode windows-amd64 compressed oops)
# Failed to write core dump. Minidumps are not enabled by default on client versions of Windows
#

---------------  T H R E A D  ---------------

Current thread (0x00000000164ab000):  JavaThread "C2 CompilerThread1" daemon [_thread_in_native, id=9932, stack(0x0000000017ed0000,0x0000000017fd0000)]

Stack: [0x0000000017ed0000,0x0000000017fd0000]
[error occurred during error reporting (printing stack bounds), id 0xc0000005]

Native frames: (J=compiled Java code, j=interpreted, Vv=VM code, C=native code)


Current CompileTask:
C2:  20157 2534       4       groovy.lang.MetaClassImpl$1MOPIter::methodNameAction (479 bytes)


---------------  P R O C E S S  ---------------

Java Threads: ( => current thread )
  0x0000000018832000 JavaThread "Cache worker for Artifact transforms cache (C:\Users\lenovo\.gradle\caches\transforms-1)" [_thread_blocked, id=2008, stack(0x000000001f1d0000,0x000000001f2d0000)]
  0x00000000197c3000 JavaThread "Cache worker for file hash cache (D:\APPAndroid\Baiduditu\.gradle\4.1\fileHashes)" [_thread_blocked, id=9824, stack(0x000000001ba90000,0x000000001bb90000)]
  0x000000001940e800 JavaThread "File lock request listener" [_thread_in_native, id=9548, stack(0x000000001b990000,0x000000001ba90000)]
  0x000000001940e000 JavaThread "Cache worker for file hash cache (C:\Users\lenovo\.gradle\caches\4.1\fileHashes)" [_thread_blocked, id=7512, stack(0x000000001b890000,0x000000001b990000)]
  0x00000000188ca800 JavaThread "Stdin handler" [_thread_blocked, id=6820, stack(0x000000001b590000,0x000000001b690000)]
  0x00000000188ca000 JavaThread "Asynchronous log dispatcher for DefaultDaemonConnection: socket connection from /127.0.0.1:57679 to /127.0.0.1:57680" [_thread_blocked, id=6092, stack(0x000000001b490000,0x000000001b590000)]
  0x000000001902d800 JavaThread "Daemon worker" [_thread_in_native, id=10332, stack(0x000000001b390000,0x000000001b490000)]
  0x000000001902c800 JavaThread "Cancel handler" [_thread_blocked, id=2772, stack(0x000000001b290000,0x000000001b390000)]
  0x0000000019119800 JavaThread "Handler for socket connection from /127.0.0.1:57679 to /127.0.0.1:57680" [_thread_in_native, id=8376, stack(0x000000001af90000,0x000000001b090000)]
  0x0000000019117000 JavaThread "Daemon" [_thread_blocked, id=12832, stack(0x000000001ae90000,0x000000001af90000)]
  0x0000000018e5d000 JavaThread "Daemon periodic checks" [_thread_blocked, id=2868, stack(0x000000001ad90000,0x000000001ae90000)]
  0x00000000196b1800 JavaThread "Incoming local TCP Connector on port 57679" [_thread_in_native, id=8300, stack(0x0000000019aa0000,0x0000000019ba0000)]
  0x000000001785f800 JavaThread "Service Thread" daemon [_thread_blocked, id=7276, stack(0x00000000180d0000,0x00000000181d0000)]
  0x00000000177e5000 JavaThread "C1 CompilerThread2" daemon [_thread_blocked, id=3464, stack(0x0000000017fd0000,0x00000000180d0000)]
=>0x00000000164ab000 JavaThread "C2 CompilerThread1" daemon [_thread_in_native, id=9932, stack(0x0000000017ed0000,0x0000000017fd0000)]
  0x000000001645b800 JavaThread "C2 CompilerThread0" daemon [_thread_in_native, id=12136, stack(0x0000000017dd0000,0x0000000017ed0000)]
  0x00000000164a9800 JavaThread "Attach Listener" daemon [_thread_blocked, id=3192, stack(0x0000000017cd0000,0x0000000017dd0000)]
  0x00000000177d8800 JavaThread "Signal Dispatcher" daemon [_thread_blocked, id=10388, stack(0x0000000017bd0000,0x0000000017cd0000)]
  0x0000000016437800 JavaThread "Finalizer" daemon [_thread_blocked, id=11036, stack(0x00000000176d0000,0x00000000177d0000)]
  0x00000000029e1000 JavaThread "Reference Handler" daemon [_thread_blocked, id=10436, stack(0x00000000175d0000,0x00000000176d0000)]
  0x0000000002add800 JavaThread "main" [_thread_blocked, id=11160, stack(0x00000000023c0000,0x00000000024c0000)]

Other Threads:
  0x0000000016414800 VMThread [stack: 0x00000000174d0000,0x00000000175d0000] [id=9300]
  0x000000001781d000 WatcherThread [stack: 0x00000000181d0000,0x00000000182d0000] [id=596]

VM state:not at safepoint (normal execution)

VM Mutex/Monitor currently owned by a thread: None

Heap:
 PSYoungGen      total 47104K, used 28236K [0x00000000e0000000, 0x00000000e3400000, 0x0000000100000000)
  eden space 40960K, 53% used [0x00000000e0000000,0x00000000e1597108,0x00000000e2800000)
  from space 6144K, 99% used [0x00000000e2800000,0x00000000e2dfc2e0,0x00000000e2e00000)
  to   space 5632K, 0% used [0x00000000e2e80000,0x00000000e2e80000,0x00000000e3400000)
 ParOldGen       total 35328K, used 10227K [0x00000000a0000000, 0x00000000a2280000, 0x00000000e0000000)
  object space 35328K, 28% used [0x00000000a0000000,0x00000000a09fcd78,0x00000000a2280000)
 Metaspace       used 31224K, capacity 31914K, committed 32000K, reserved 1077248K
  class space    used 4307K, capacity 4584K, committed 4608K, reserved 1048576K

Card table byte_map: [0x0000000011ea0000,0x00000000121b0000] byte_map_base: 0x00000000119a0000

Marking Bits: (ParMarkBitMap*) 0x0000000071eb3950
 Begin Bits: [0x00000000127b0000, 0x0000000013fb0000)
 End Bits:   [0x0000000013fb0000, 0x00000000157b0000)

Polling page: 0x00000000007d0000

CodeCache: size=245760Kb used=10650Kb max_used=10650Kb free=235110Kb
 bounds [0x0000000002ae0000, 0x0000000003550000, 0x0000000011ae0000]
 total_blobs=3262 nmethods=2601 adapters=575
 compilation: enabled

Compilation events (10 events):
Event: 20.122 Thread 0x00000000177e5000 2784       3       com.sun.org.apache.xerces.internal.parsers.AbstractDOMParser::endElement (473 bytes)
Event: 20.129 Thread 0x00000000177e5000 nmethod 2784 0x00000000035473d0 code [0x0000000003547840, 0x000000000354a8a8]
Event: 20.129 Thread 0x00000000177e5000 2785       3       com.sun.org.apache.xerces.internal.dom.DeferredDocumentImpl::getParentNode (49 bytes)
Event: 20.129 Thread 0x00000000177e5000 nmethod 2785 0x000000000354bc50 code [0x000000000354bde0, 0x000000000354c128]
Event: 20.129 Thread 0x00000000177e5000 2780       3       com.sun.org.apache.xerces.internal.impl.dtd.XMLDTDValidator::ensureStackCapacity (127 bytes)
Event: 20.131 Thread 0x00000000177e5000 nmethod 2780 0x000000000354c350 code [0x000000000354c520, 0x000000000354cee8]
Event: 20.131 Thread 0x00000000177e5000 2786       1       com.google.common.collect.RegularImmutableList::size (5 bytes)
Event: 20.131 Thread 0x00000000177e5000 nmethod 2786 0x000000000354d290 code [0x000000000354d3e0, 0x000000000354d4f0]
Event: 20.131 Thread 0x00000000177e5000 2787       1       org.gradle.api.internal.artifacts.DefaultModuleVersionSelector::getVersion (5 bytes)
Event: 20.131 Thread 0x00000000177e5000 nmethod 2787 0x000000000354d550 code [0x000000000354d6a0, 0x000000000354d7b0]

GC Heap History (10 events):
Event: 10.007 GC heap before
{Heap before GC invocations=8 (full 0):
 PSYoungGen      total 22016K, used 15094K [0x00000000e0000000, 0x00000000e2b00000, 0x0000000100000000)
  eden space 15872K, 66% used [0x00000000e0000000,0x00000000e0a48390,0x00000000e0f80000)
  from space 6144K, 74% used [0x00000000e0f80000,0x00000000e13f55b8,0x00000000e1580000)
  to   space 6144K, 0% used [0x00000000e2500000,0x00000000e2500000,0x00000000e2b00000)
 ParOldGen       total 44032K, used 7755K [0x00000000a0000000, 0x00000000a2b00000, 0x00000000e0000000)
  object space 44032K, 17% used [0x00000000a0000000,0x00000000a0792c58,0x00000000a2b00000)
 Metaspace       used 20642K, capacity 21080K, committed 21248K, reserved 1067008K
  class space    used 2846K, capacity 3007K, committed 3072K, reserved 1048576K
Event: 10.025 GC heap after
Heap after GC invocations=8 (full 0):
 PSYoungGen      total 37888K, used 4068K [0x00000000e0000000, 0x00000000e2b00000, 0x0000000100000000)
  eden space 31744K, 0% used [0x00000000e0000000,0x00000000e0000000,0x00000000e1f00000)
  from space 6144K, 66% used [0x00000000e2500000,0x00000000e28f90f8,0x00000000e2b00000)
  to   space 6144K, 0% used [0x00000000e1f00000,0x00000000e1f00000,0x00000000e2500000)
 ParOldGen       total 44032K, used 8851K [0x00000000a0000000, 0x00000000a2b00000, 0x00000000e0000000)
  object space 44032K, 20% used [0x00000000a0000000,0x00000000a08a4ce8,0x00000000a2b00000)
 Metaspace       used 20642K, capacity 21080K, committed 21248K, reserved 1067008K
  class space    used 2846K, capacity 3007K, committed 3072K, reserved 1048576K
}
Event: 10.025 GC heap before
{Heap before GC invocations=9 (full 1):
 PSYoungGen      total 37888K, used 4068K [0x00000000e0000000, 0x00000000e2b00000, 0x0000000100000000)
  eden space 31744K, 0% used [0x00000000e0000000,0x00000000e0000000,0x00000000e1f00000)
  from space 6144K, 66% used [0x00000000e2500000,0x00000000e28f90f8,0x00000000e2b00000)
  to   space 6144K, 0% used [0x00000000e1f00000,0x00000000e1f00000,0x00000000e2500000)
 ParOldGen       total 44032K, used 8851K [0x00000000a0000000, 0x00000000a2b00000, 0x00000000e0000000)
  object space 44032K, 20% used [0x00000000a0000000,0x00000000a08a4ce8,0x00000000a2b00000)
 Metaspace       used 20642K, capacity 21080K, committed 21248K, reserved 1067008K
  class space    used 2846K, capacity 3007K, committed 3072K, reserved 1048576K
Event: 10.132 GC heap after
Heap after GC invocations=9 (full 1):
 PSYoungGen      total 37888K, used 0K [0x00000000e0000000, 0x00000000e2b00000, 0x0000000100000000)
  eden space 31744K, 0% used [0x00000000e0000000,0x00000000e0000000,0x00000000e1f00000)
  from space 6144K, 0% used [0x00000000e2500000,0x00000000e2500000,0x00000000e2b00000)
  to   space 6144K, 0% used [0x00000000e1f00000,0x00000000e1f00000,0x00000000e2500000)
 ParOldGen       total 35328K, used 8610K [0x00000000a0000000, 0x00000000a2280000, 0x00000000e0000000)
  object space 35328K, 24% used [0x00000000a0000000,0x00000000a0868b30,0x00000000a2280000)
 Metaspace       used 20642K, capacity 21080K, committed 21248K, reserved 1067008K
  class space    used 2846K, capacity 3007K, committed 3072K, reserved 1048576K
}
Event: 13.816 GC heap before
{Heap before GC invocations=10 (full 1):
 PSYoungGen      total 37888K, used 31744K [0x00000000e0000000, 0x00000000e2b00000, 0x0000000100000000)
  eden space 31744K, 100% used [0x00000000e0000000,0x00000000e1f00000,0x00000000e1f00000)
  from space 6144K, 0% used [0x00000000e2500000,0x00000000e2500000,0x00000000e2b00000)
  to   space 6144K, 0% used [0x00000000e1f00000,0x00000000e1f00000,0x00000000e2500000)
 ParOldGen       total 35328K, used 8610K [0x00000000a0000000, 0x00000000a2280000, 0x00000000e0000000)
  object space 35328K, 24% used [0x00000000a0000000,0x00000000a0868b30,0x00000000a2280000)
 Metaspace       used 23239K, capacity 23674K, committed 23808K, reserved 1069056K
  class space    used 3152K, capacity 3312K, committed 3328K, reserved 1048576K
Event: 13.824 GC heap after
Heap after GC invocations=10 (full 1):
 PSYoungGen      total 37888K, used 3532K [0x00000000e0000000, 0x00000000e3480000, 0x0000000100000000)
  eden space 31744K, 0% used [0x00000000e0000000,0x00000000e0000000,0x00000000e1f00000)
  from space 6144K, 57% used [0x00000000e1f00000,0x00000000e2273290,0x00000000e2500000)
  to   space 6144K, 0% used [0x00000000e2e80000,0x00000000e2e80000,0x00000000e3480000)
 ParOldGen       total 35328K, used 8618K [0x00000000a0000000, 0x00000000a2280000, 0x00000000e0000000)
  object space 35328K, 24% used [0x00000000a0000000,0x00000000a086ab30,0x00000000a2280000)
 Metaspace       used 23239K, capacity 23674K, committed 23808K, reserved 1069056K
  class space    used 3152K, capacity 3312K, committed 3328K, reserved 1048576K
}
Event: 15.910 GC heap before
{Heap before GC invocations=11 (full 1):
 PSYoungGen      total 37888K, used 35276K [0x00000000e0000000, 0x00000000e3480000, 0x0000000100000000)
  eden space 31744K, 100% used [0x00000000e0000000,0x00000000e1f00000,0x00000000e1f00000)
  from space 6144K, 57% used [0x00000000e1f00000,0x00000000e2273290,0x00000000e2500000)
  to   space 6144K, 0% used [0x00000000e2e80000,0x00000000e2e80000,0x00000000e3480000)
 ParOldGen       total 35328K, used 8618K [0x00000000a0000000, 0x00000000a2280000, 0x00000000e0000000)
  object space 35328K, 24% used [0x00000000a0000000,0x00000000a086ab30,0x00000000a2280000)
 Metaspace       used 25516K, capacity 26010K, committed 26240K, reserved 1071104K
  class space    used 3531K, capacity 3682K, committed 3712K, reserved 1048576K
Event: 15.925 GC heap after
Heap after GC invocations=11 (full 1):
 PSYoungGen      total 46592K, used 4957K [0x00000000e0000000, 0x00000000e3400000, 0x0000000100000000)
  eden space 40960K, 0% used [0x00000000e0000000,0x00000000e0000000,0x00000000e2800000)
  from space 5632K, 88% used [0x00000000e2e80000,0x00000000e33574e0,0x00000000e3400000)
  to   space 6144K, 0% used [0x00000000e2800000,0x00000000e2800000,0x00000000e2e00000)
 ParOldGen       total 35328K, used 8618K [0x00000000a0000000, 0x00000000a2280000, 0x00000000e0000000)
  object space 35328K, 24% used [0x00000000a0000000,0x00000000a086ab30,0x00000000a2280000)
 Metaspace       used 25516K, capacity 26010K, committed 26240K, reserved 1071104K
  class space    used 3531K, capacity 3682K, committed 3712K, reserved 1048576K
}
Event: 18.118 GC heap before
{Heap before GC invocations=12 (full 1):
 PSYoungGen      total 46592K, used 45917K [0x00000000e0000000, 0x00000000e3400000, 0x0000000100000000)
  eden space 40960K, 100% used [0x00000000e0000000,0x00000000e2800000,0x00000000e2800000)
  from space 5632K, 88% used [0x00000000e2e80000,0x00000000e33574e0,0x00000000e3400000)
  to   space 6144K, 0% used [0x00000000e2800000,0x00000000e2800000,0x00000000e2e00000)
 ParOldGen       total 35328K, used 8618K [0x00000000a0000000, 0x00000000a2280000, 0x00000000e0000000)
  object space 35328K, 24% used [0x00000000a0000000,0x00000000a086ab30,0x00000000a2280000)
 Metaspace       used 28571K, capacity 29188K, committed 29312K, reserved 1075200K
  class space    used 3965K, capacity 4187K, committed 4224K, reserved 1048576K
Event: 18.158 GC heap after
Heap after GC invocations=12 (full 1):
 PSYoungGen      total 47104K, used 6128K [0x00000000e0000000, 0x00000000e3400000, 0x0000000100000000)
  eden space 40960K, 0% used [0x00000000e0000000,0x00000000e0000000,0x00000000e2800000)
  from space 6144K, 99% used [0x00000000e2800000,0x00000000e2dfc2e0,0x00000000e2e00000)
  to   space 5632K, 0% used [0x00000000e2e80000,0x00000000e2e80000,0x00000000e3400000)
 ParOldGen       total 35328K, used 10227K [0x00000000a0000000, 0x00000000a2280000, 0x00000000e0000000)
  object space 35328K, 28% used [0x00000000a0000000,0x00000000a09fcd78,0x00000000a2280000)
 Metaspace       used 28571K, capacity 29188K, committed 29312K, reserved 1075200K
  class space    used 3965K, capacity 4187K, committed 4224K, reserved 1048576K
}

Deoptimization events (10 events):
Event: 17.638 Thread 0x000000001902d800 Uncommon trap: reason=range_check action=make_not_entrant pc=0x00000000033eb460 method=java.lang.String.charAt(I)C @ 27
Event: 17.885 Thread 0x000000001902d800 Uncommon trap: reason=bimorphic action=maybe_recompile pc=0x00000000032a59f0 method=org.codehaus.groovy.runtime.metaclass.MetaMethodIndex.addMethodToList(Ljava/lang/Object;Lgroovy/lang/MetaMethod;)Ljava/lang/Object; @ 96
Event: 17.949 Thread 0x000000001902d800 Uncommon trap: reason=unstable_if action=reinterpret pc=0x0000000002d0e980 method=org.objectweb.asm.Item.isEqualTo(Lorg/objectweb/asm/Item;)Z @ 345
Event: 18.828 Thread 0x000000001902d800 Uncommon trap: reason=unstable_if action=reinterpret pc=0x0000000002d82424 method=java.net.URI.match(CJJ)Z @ 45
Event: 19.023 Thread 0x000000001902d800 Uncommon trap: reason=unstable_if action=reinterpret pc=0x00000000032ccc7c method=java.util.regex.Pattern.has(I)Z @ 6
Event: 19.134 Thread 0x000000001902d800 Uncommon trap: reason=class_check action=maybe_recompile pc=0x0000000003224a5c method=com.google.common.io.CountingInputStream.read([BII)I @ 7
Event: 19.304 Thread 0x000000001902d800 Uncommon trap: reason=class_check action=maybe_recompile pc=0x0000000003224a5c method=com.google.common.io.CountingInputStream.read([BII)I @ 7
Event: 19.443 Thread 0x000000001902d800 Uncommon trap: reason=class_check action=maybe_recompile pc=0x0000000003224a5c method=com.google.common.io.CountingInputStream.read([BII)I @ 7
Event: 19.488 Thread 0x000000001902d800 Uncommon trap: reason=class_check action=maybe_recompile pc=0x0000000003224a5c method=com.google.common.io.CountingInputStream.read([BII)I @ 7
Event: 20.137 Thread 0x000000001902d800 Uncommon trap: reason=unstable_if action=reinterpret pc=0x0000000002e68668 method=java.util.regex.Pattern$BmpCharProperty.match(Ljava/util/regex/Matcher;ILjava/lang/CharSequence;)Z @ 34

Classes redefined (0 events):
No events

Internal exceptions (10 events):
Event: 18.194 Thread 0x000000001902d800 Exception <a 'java/lang/ClassNotFoundException': java/util/ArrayListBeanInfo> (0x00000000e004a3f8) thrown at [D:\src\AOSP-openjdk-cygwin\jdk8u\hotspot\src\share\vm\classfile\systemDictionary.cpp, line 210]
Event: 18.194 Thread 0x000000001902d800 Exception <a 'java/lang/ClassNotFoundException': java/util/AbstractListBeanInfo> (0x00000000e0051b20) thrown at [D:\src\AOSP-openjdk-cygwin\jdk8u\hotspot\src\share\vm\classfile\systemDictionary.cpp, line 210]
Event: 18.195 Thread 0x000000001902d800 Exception <a 'java/lang/ClassNotFoundException': java/util/AbstractListCustomizer> (0x00000000e0059600) thrown at [D:\src\AOSP-openjdk-cygwin\jdk8u\hotspot\src\share\vm\classfile\systemDictionary.cpp, line 210]
Event: 18.206 Thread 0x000000001902d800 Exception <a 'java/lang/ClassNotFoundException': java/util/ArrayListCustomizer> (0x00000000e006ed48) thrown at [D:\src\AOSP-openjdk-cygwin\jdk8u\hotspot\src\share\vm\classfile\systemDictionary.cpp, line 210]
Event: 18.390 Thread 0x000000001902d800 Exception <a 'java/lang/ClassNotFoundException': java/util/CollectionBeanInfo> (0x00000000e00b0940) thrown at [D:\src\AOSP-openjdk-cygwin\jdk8u\hotspot\src\share\vm\classfile\systemDictionary.cpp, line 210]
Event: 18.393 Thread 0x000000001902d800 Exception <a 'java/lang/ClassNotFoundException': java/util/CollectionCustomizer> (0x00000000e00b7ff8) thrown at [D:\src\AOSP-openjdk-cygwin\jdk8u\hotspot\src\share\vm\classfile\systemDictionary.cpp, line 210]
Event: 18.681 Thread 0x000000001902d800 Exception <a 'java/lang/ClassNotFoundException': build_bzz6kxioztcwpzba8ldyhvuvgBeanInfo> (0x00000000e0651310) thrown at [D:\src\AOSP-openjdk-cygwin\jdk8u\hotspot\src\share\vm\classfile\systemDictionary.cpp, line 210]
Event: 18.681 Thread 0x000000001902d800 Exception <a 'java/lang/ClassNotFoundException': org/gradle/api/internal/project/ProjectScriptBeanInfo> (0x00000000e0662e20) thrown at [D:\src\AOSP-openjdk-cygwin\jdk8u\hotspot\src\share\vm\classfile\systemDictionary.cpp, line 210]
Event: 18.682 Thread 0x000000001902d800 Exception <a 'java/lang/ClassNotFoundException': org/gradle/api/internal/project/ProjectScriptCustomizer> (0x00000000e0674f38) thrown at [D:\src\AOSP-openjdk-cygwin\jdk8u\hotspot\src\share\vm\classfile\systemDictionary.cpp, line 210]
Event: 18.686 Thread 0x000000001902d800 Exception <a 'java/lang/ClassNotFoundException': build_bzz6kxioztcwpzba8ldyhvuvgCustomizer> (0x00000000e0693400) thrown at [D:\src\AOSP-openjdk-cygwin\jdk8u\hotspot\src\share\vm\classfile\systemDictionary.cpp, line 210]

Events (10 events):
Event: 19.443 Thread 0x000000001902d800 DEOPT PACKING pc=0x0000000003224a5c sp=0x000000001b48ab80
Event: 19.443 Thread 0x000000001902d800 DEOPT UNPACKING pc=0x0000000002b2556a sp=0x000000001b48ab18 mode 2
Event: 19.488 Thread 0x000000001902d800 Uncommon trap: trap_request=0xffffffde fr.pc=0x0000000003224a5c
Event: 19.488 Thread 0x000000001902d800 DEOPT PACKING pc=0x0000000003224a5c sp=0x000000001b48a510
Event: 19.488 Thread 0x000000001902d800 DEOPT UNPACKING pc=0x0000000002b2556a sp=0x000000001b48a4a8 mode 2
Event: 19.497 loading class org/gradle/internal/component/external/descriptor/DefaultExclude
Event: 19.497 loading class org/gradle/internal/component/external/descriptor/DefaultExclude done
Event: 20.137 Thread 0x000000001902d800 Uncommon trap: trap_request=0xffffff65 fr.pc=0x0000000002e68668
Event: 20.137 Thread 0x000000001902d800 DEOPT PACKING pc=0x0000000002e68668 sp=0x000000001b48b130
Event: 20.137 Thread 0x000000001902d800 DEOPT UNPACKING pc=0x0000000002b2556a sp=0x000000001b48b108 mode 2


Dynamic libraries:
0x00007ff6b14e0000 - 0x00007ff6b1511000 	D:\Android Studio\jre\bin\java.exe
0x00007ffc05d00000 - 0x00007ffc05edb000 	C:\WINDOWS\SYSTEM32\ntdll.dll
0x00007ffc05c50000 - 0x00007ffc05cfe000 	C:\WINDOWS\System32\KERNEL32.DLL
0x00007ffc023a0000 - 0x00007ffc025e9000 	C:\WINDOWS\System32\KERNELBASE.dll
0x00007ffc05950000 - 0x00007ffc059f1000 	C:\WINDOWS\System32\ADVAPI32.dll
0x00007ffc05bb0000 - 0x00007ffc05c4d000 	C:\WINDOWS\System32\msvcrt.dll
0x00007ffc03e90000 - 0x00007ffc03ee9000 	C:\WINDOWS\System32\sechost.dll
0x00007ffc03a60000 - 0x00007ffc03b85000 	C:\WINDOWS\System32\RPCRT4.dll
0x00007ffc05a00000 - 0x00007ffc05b4a000 	C:\WINDOWS\System32\USER32.dll
0x00007ffc02220000 - 0x00007ffc0223e000 	C:\WINDOWS\System32\win32u.dll
0x00007ffc05b80000 - 0x00007ffc05ba7000 	C:\WINDOWS\System32\GDI32.dll
0x00007ffc02e40000 - 0x00007ffc02fc8000 	C:\WINDOWS\System32\gdi32full.dll
0x00007ffc025f0000 - 0x00007ffc0268a000 	C:\WINDOWS\System32\msvcp_win.dll
0x00007ffc022a0000 - 0x00007ffc02396000 	C:\WINDOWS\System32\ucrtbase.dll
0x00007ffbfbec0000 - 0x00007ffbfc127000 	C:\WINDOWS\WinSxS\amd64_microsoft.windows.common-controls_6595b64144ccf1df_6.0.15063.483_none_26002d27e7c744a2\COMCTL32.dll
0x00007ffc036a0000 - 0x00007ffc03999000 	C:\WINDOWS\System32\combase.dll
0x00007ffc03020000 - 0x00007ffc0308a000 	C:\WINDOWS\System32\bcryptPrimitives.dll
0x00007ffc04180000 - 0x00007ffc041ad000 	C:\WINDOWS\System32\IMM32.DLL
0x0000000071610000 - 0x00000000716e2000 	D:\Android Studio\jre\jre\bin\msvcr100.dll
0x00000000716f0000 - 0x0000000071f2e000 	D:\Android Studio\jre\jre\bin\server\jvm.dll
0x00007ffc040c0000 - 0x00007ffc040c8000 	C:\WINDOWS\System32\PSAPI.DLL
0x00007ffbf85a0000 - 0x00007ffbf85a9000 	C:\WINDOWS\SYSTEM32\WSOCK32.dll
0x00007ffbff4b0000 - 0x00007ffbff4d3000 	C:\WINDOWS\SYSTEM32\WINMM.dll
0x00007ffbfc960000 - 0x00007ffbfc96a000 	C:\WINDOWS\SYSTEM32\VERSION.dll
0x00007ffc03dc0000 - 0x00007ffc03e2c000 	C:\WINDOWS\System32\WS2_32.dll
0x00007ffbff450000 - 0x00007ffbff47b000 	C:\WINDOWS\SYSTEM32\WINMMBASE.dll
0x00007ffc02fd0000 - 0x00007ffc03019000 	C:\WINDOWS\System32\cfgmgr32.dll
0x00007ffbfdcb0000 - 0x00007ffbfdcbf000 	D:\Android Studio\jre\jre\bin\verify.dll
0x00007ffbfd520000 - 0x00007ffbfd549000 	D:\Android Studio\jre\jre\bin\java.dll
0x00007ffbfd570000 - 0x00007ffbfd586000 	D:\Android Studio\jre\jre\bin\zip.dll
0x00007ffc042c0000 - 0x00007ffc056f6000 	C:\WINDOWS\System32\SHELL32.dll
0x00007ffc040d0000 - 0x00007ffc0417a000 	C:\WINDOWS\System32\shcore.dll
0x00007ffc02690000 - 0x00007ffc02d83000 	C:\WINDOWS\System32\windows.storage.dll
0x00007ffc03d60000 - 0x00007ffc03db1000 	C:\WINDOWS\System32\shlwapi.dll
0x00007ffc02170000 - 0x00007ffc02181000 	C:\WINDOWS\System32\kernel.appcore.dll
0x00007ffc021b0000 - 0x00007ffc021fc000 	C:\WINDOWS\System32\powrprof.dll
0x00007ffc02200000 - 0x00007ffc02215000 	C:\WINDOWS\System32\profapi.dll
0x00007ffbfc140000 - 0x00007ffbfc15a000 	D:\Android Studio\jre\jre\bin\net.dll
0x00007ffc01a80000 - 0x00007ffc01adc000 	C:\WINDOWS\system32\mswsock.dll
0x00007ffbfbea0000 - 0x00007ffbfbeb1000 	D:\Android Studio\jre\jre\bin\nio.dll
0x00007ffbf5100000 - 0x00007ffbf511e000 	C:\Users\lenovo\.gradle\native\25\windows-amd64\native-platform.dll
0x00007ffbfd840000 - 0x00007ffbfd84d000 	D:\Android Studio\jre\jre\bin\management.dll
0x00007ffc01c20000 - 0x00007ffc01c37000 	C:\WINDOWS\SYSTEM32\CRYPTSP.dll
0x00007ffc016a0000 - 0x00007ffc016d4000 	C:\WINDOWS\system32\rsaenh.dll
0x00007ffc01d30000 - 0x00007ffc01d55000 	C:\WINDOWS\SYSTEM32\bcrypt.dll
0x00007ffc02070000 - 0x00007ffc02099000 	C:\WINDOWS\SYSTEM32\USERENV.dll
0x00007ffc01c40000 - 0x00007ffc01c4b000 	C:\WINDOWS\SYSTEM32\CRYPTBASE.dll
0x00007ffc01820000 - 0x00007ffc01857000 	C:\WINDOWS\SYSTEM32\IPHLPAPI.DLL
0x00007ffc05b50000 - 0x00007ffc05b58000 	C:\WINDOWS\System32\NSI.dll
0x00007ffbf8360000 - 0x00007ffbf8376000 	C:\WINDOWS\SYSTEM32\dhcpcsvc6.DLL
0x00007ffbf8340000 - 0x00007ffbf835a000 	C:\WINDOWS\SYSTEM32\dhcpcsvc.DLL

VM Arguments:
jvm_args: -Xmx1536m -Dfile.encoding=GBK -Duser.country=CN -Duser.language=zh -Duser.variant 
java_command: org.gradle.launcher.daemon.bootstrap.GradleDaemon 4.1
java_class_path (initial): C:\Users\lenovo\.gradle\wrapper\dists\gradle-4.1-all\bzyivzo6n839fup2jbap0tjew\gradle-4.1\lib\gradle-launcher-4.1.jar
Launcher Type: SUN_STANDARD

Environment Variables:
PATH=E:\app\wy\product\12.1.0\dbhome_1\bin;C:\WINDOWS\system32;C:\WINDOWS;C:\WINDOWS\System32\Wbem;C:\WINDOWS\System32\WindowsPowerShell\v1.0\;C:\Program Files\Intel\WiFi\bin\;C:\Program Files\Common Files\Intel\WirelessCommon\;C:\WINDOWS\system32\config\systemprofile\.dnx\bin;C:\Program Files\Microsoft DNX\Dnvm\;C:\Program Files (x86)\Windows Kits\8.1\Windows Performance Toolkit\;C:\Program Files\Microsoft SQL Server\130\Tools\Binn\;D:\Rational Rose\common;C:\Program Files\Intel\WiFi\bin\;C:\Program Files\Common Files\Intel\WirelessCommon\;C:\Users\lenovo\AppData\Local\Microsoft\WindowsApps;E:\SDK\platform-tools;F:\java\bin;
USERNAME=lenovo
OS=Windows_NT
PROCESSOR_IDENTIFIER=Intel64 Family 6 Model 55 Stepping 8, GenuineIntel



---------------  S Y S T E M  ---------------

OS: Windows 10.0 , 64 bit Build 15063 (10.0.15063.296)

CPU:total 4 (initial active 4) (4 cores per cpu, 1 threads per core) family 6 model 55 stepping 8, cmov, cx8, fxsr, mmx, sse, sse2, sse3, ssse3, sse4.1, sse4.2, popcnt, clmul, erms, 3dnowpref, tsc, tscinvbit

Memory: 4k page, physical 4077936k(1611572k free), swap 13253100k(5412k free)

vm_info: OpenJDK 64-Bit Server VM (25.152-b01) for windows-amd64 JRE (1.8.0_152-release-915-b01), built by "builder" with MS VC++ 10.0 (VS2010)

time: Mon Jan 22 21:57:22 2018
elapsed time: 20 seconds (0d 0h 0m 20s)

